<?xml version="1.0" encoding="UTF-8"?>
<!-- Generated by org.testng.reporters.JUnitReportReporter -->
<testsuite hostname="ASUS-VIVOS15" failures="0" tests="4" name="TestNG_Package.TestNGConcepts" time="31.873" errors="0" timestamp="2023-12-15T13:03:06 IST" skipped="1">
  <testcase classname="TestNG_Package.TestNGConcepts" name="testLogoPresence" time="0.052"/>
  <testcase classname="TestNG_Package.TestNGConcepts" name="testRequestDemoButton" time="0.044"/>
  <testcase classname="TestNG_Package.TestNGConcepts" name="testNavigationLinks" time="31.777"/>
  <testcase classname="TestNG_Package.TestNGConcepts" name="testmethod">
    <skipped/>
  </testcase> <!-- testmethod -->
</testsuite> <!-- TestNG_Package.TestNGConcepts -->
